[0m22:43:08.243844 [debug] [MainThread]: Sending event: {'category': 'dbt', 'action': 'invocation', 'label': 'start', 'context': [<snowplow_tracker.self_describing_json.SelfDescribingJson object at 0x105672cf0>, <snowplow_tracker.self_describing_json.SelfDescribingJson object at 0x10726f750>, <snowplow_tracker.self_describing_json.SelfDescribingJson object at 0x10726f890>]}


============================== 22:43:08.251944 | 2aa60dcc-337b-4159-8ad5-9073f3db4abe ==============================
[0m22:43:08.251944 [info ] [MainThread]: Running with dbt=1.9.8
[0m22:43:08.252405 [debug] [MainThread]: running dbt with arguments {'printer_width': '80', 'indirect_selection': 'eager', 'write_json': 'True', 'log_cache_events': 'False', 'partial_parse': 'True', 'cache_selected_only': 'False', 'profiles_dir': '/Users/harshbhavsar/.dbt', 'version_check': 'True', 'debug': 'False', 'log_path': 'logs', 'fail_fast': 'False', 'warn_error': 'None', 'use_colors': 'True', 'use_experimental_parser': 'False', 'no_print': 'None', 'quiet': 'False', 'empty': 'None', 'warn_error_options': 'WarnErrorOptions(include=[], exclude=[])', 'invocation_command': 'dbt init netflix', 'log_format': 'default', 'static_parser': 'True', 'target_path': 'None', 'introspect': 'True', 'send_anonymous_usage_stats': 'True'}
[0m22:43:08.264706 [debug] [MainThread]: Starter project path: /Users/harshbhavsar/Documents/dbt_project/venv/lib/python3.13/site-packages/dbt/include/starter_project
[0m22:43:08.269481 [info ] [MainThread]: 
Your new dbt project "netflix" was created!

For more information on how to configure the profiles.yml file,
please consult the dbt documentation here:

  https://docs.getdbt.com/docs/configure-your-profile

One more thing:

Need help? Don't hesitate to reach out to us via GitHub issues or on Slack:

  https://community.getdbt.com/

Happy modeling!

[0m22:43:08.269763 [info ] [MainThread]: Setting up your profile.
[0m22:55:31.253319 [info ] [MainThread]: Profile netflix written to /Users/harshbhavsar/.dbt/profiles.yml using target's profile_template.yml and your supplied values. Run 'dbt debug' to validate the connection.
[0m22:55:31.318236 [debug] [MainThread]: Resource report: {"command_name": "init", "command_success": true, "command_wall_clock_time": 743.1262, "process_in_blocks": "0", "process_kernel_time": 0.289964, "process_mem_max_rss": "105873408", "process_out_blocks": "0", "process_user_time": 1.368715}
[0m22:55:31.321682 [debug] [MainThread]: Command `dbt init` succeeded at 22:55:31.321408 after 743.13 seconds
[0m22:55:31.322818 [debug] [MainThread]: Sending event: {'category': 'dbt', 'action': 'invocation', 'label': 'end', 'context': [<snowplow_tracker.self_describing_json.SelfDescribingJson object at 0x10b1e5cd0>, <snowplow_tracker.self_describing_json.SelfDescribingJson object at 0x10b1ee690>, <snowplow_tracker.self_describing_json.SelfDescribingJson object at 0x10b12fbd0>]}
[0m22:55:31.323489 [debug] [MainThread]: Flushing usage events
[0m22:55:31.482794 [debug] [MainThread]: An error was encountered while trying to flush usage events
